C51 COMPILER V9.60.7.0   FW_UTIL                                                           10/18/2024 22:44:45 PAGE 1   


C51 COMPILER V9.60.7.0, COMPILATION OF MODULE FW_UTIL
OBJECT MODULE PLACED IN .\Objects\fw_util.obj
COMPILER INVOKED BY: C:\Keil_v5\C51\BIN\C51.EXE FwLib_STC8\src\fw_util.c LARGE OPTIMIZE(8,SPEED) BROWSE INCDIR(.\FwLib_S
                    -TC8\include) DEFINE(__CX51__,__CONF_MCU_MODEL=MCU_MODEL_STC8H1K28,__CONF_FOSC=24000000UL) DEBUG OBJECTEXTEND PRINT(.\Lis
                    -tings\fw_util.lst) OBJECT(.\Objects\fw_util.obj)

line level    source

   1          // Copyright 2021 IOsetting <iosetting(at)outlook.com>
   2          //
   3          // Licensed under the Apache License, Version 2.0 (the "License");
   4          // you may not use this file except in compliance with the License.
   5          // You may obtain a copy of the License at
   6          //
   7          //     http://www.apache.org/licenses/LICENSE-2.0
   8          //
   9          // Unless required by applicable law or agreed to in writing, software
  10          // distributed under the License is distributed on an "AS IS" BASIS,
  11          // WITHOUT WARRANTIES OR CONDITIONS OF ANY KIND, either express or implied.
  12          // See the License for the specific language governing permissions and
  13          // limitations under the License.
  14          
  15          #include "fw_util.h"
  16          #include "fw_sys.h"
  17          
  18          __CODE char HEX_TABLE[16] = { '0','1','2','3','4','5','6','7','8','9','A','B','C','D','E','F'};
  19          
  20          void UTIL_Uart1_24M_9600_Init(void)
  21          {
  22   1          SCON = 0x50;                //8 bits and variable baudrate
  23   1              AUXR |= 0x40;           //imer clock is 1T mode
  24   1              AUXR &= 0xFE;           //UART 1 use Timer1 as baudrate generator
  25   1              TMOD &= 0x0F;           //Set timer work mode
  26   1              TL1 = 0x8F;             //Initial timer value
  27   1              TH1 = 0xFD;             //Initial timer value
  28   1              ET1 = 0;                //Disable Timer%d interrupt
  29   1              TR1 = 1;                //Timer1 start run
  30   1      }
  31          
  32          void UTIL_Uart1_24M_115200_Init(void)
  33          {
  34   1              SCON = 0x50;            //8 bits and variable baudrate
  35   1              AUXR |= 0x40;           //imer clock is 1T mode
  36   1              AUXR &= 0xFE;           //UART 1 use Timer1 as baudrate generator
  37   1              TMOD &= 0x0F;           //Set timer work mode
  38   1              TL1 = 0xCC;             //Initial timer value
  39   1              TH1 = 0xFF;             //Initial timer value
  40   1              ET1 = 0;                //Disable Timer%d interrupt
  41   1              TR1 = 1;                //Timer1 start run
  42   1      }
  43          
  44          void UTIL_Uart1_33M1776_9600_Init(void)
  45          {
  46   1              SCON = 0x50;            //8 bits and variable baudrate
  47   1              AUXR |= 0x40;           //imer clock is 1T mode
  48   1              AUXR &= 0xFE;           //UART 1 use Timer1 as baudrate generator
  49   1              TMOD &= 0x0F;           //Set timer work mode
  50   1              TL1 = 0xA0;             //Initial timer value
  51   1              TH1 = 0xFC;             //Initial timer value
  52   1              ET1 = 0;                //Disable Timer%d interrupt
  53   1              TR1 = 1;                //Timer1 start run
C51 COMPILER V9.60.7.0   FW_UTIL                                                           10/18/2024 22:44:45 PAGE 2   

  54   1      }
  55          
  56          void UTIL_Uart1_33M1776_115200_Init(void)
  57          {
  58   1              SCON = 0x50;
  59   1              AUXR |= 0x40;
  60   1              AUXR &= 0xFE;
  61   1              TMOD &= 0x0F;
  62   1              TL1 = 0xB8;
  63   1              TH1 = 0xFF;
  64   1              ET1 = 0;
  65   1              TR1 = 1;
  66   1      }
  67          
  68          void UTIL_Uart1_35M_9600_Init(void)
  69          {
  70   1              SCON = 0x50;
  71   1              AUXR |= 0x40;
  72   1              AUXR &= 0xFE;
  73   1              TMOD &= 0x0F;
  74   1              TL1 = 0x70;
  75   1              TH1 = 0xFC;
  76   1              ET1 = 0;
  77   1              TR1 = 1;
  78   1      }
  79          
  80          void UTIL_Uart1_36M864_9600_Init(void)
  81          {
  82   1              SCON = 0x50;
  83   1              AUXR |= 0x40;
  84   1              AUXR &= 0xFE;
  85   1              TMOD &= 0x0F;
  86   1              TL1 = 0x40;
  87   1              TH1 = 0xFC;
  88   1              ET1 = 0;
  89   1              TR1 = 1;
  90   1      }
  91          
  92          void UTIL_Uart1_36M864_115200_Init(void)
  93          {
  94   1              SCON = 0x50;
  95   1              AUXR |= 0x40;
  96   1              AUXR &= 0xFE;
  97   1              TMOD &= 0x0F;
  98   1              TL1 = 0xB0;
  99   1              TH1 = 0xFF;
 100   1              ET1 = 0;
 101   1              TR1 = 1;
 102   1      }


MODULE INFORMATION:   STATIC OVERLAYABLE
   CODE SIZE        =    161    ----
   CONSTANT SIZE    =     16    ----
   XDATA SIZE       =   ----    ----
   PDATA SIZE       =   ----    ----
   DATA SIZE        =   ----    ----
   IDATA SIZE       =   ----    ----
   BIT SIZE         =   ----    ----
END OF MODULE INFORMATION.


C51 COMPILATION COMPLETE.  0 WARNING(S),  0 ERROR(S)
