C51 COMPILER V9.60.7.0   FW_USB                                                            10/01/2024 12:56:56 PAGE 1   


C51 COMPILER V9.60.7.0, COMPILATION OF MODULE FW_USB
OBJECT MODULE PLACED IN .\Objects\fw_usb.obj
COMPILER INVOKED BY: C:\Keil_v5\C51\BIN\C51.EXE FwLib_STC8\src\fw_usb.c LARGE OPTIMIZE(8,SPEED) BROWSE INCDIR(.\FwLib_ST
                    -C8\include) DEFINE(__CX51__,__CONF_MCU_MODEL=MCU_MODEL_STC8H1K28,__CONF_FOSC=24000000UL) DEBUG OBJECTEXTEND PRINT(.\List
                    -ings\fw_usb.lst) OBJECT(.\Objects\fw_usb.obj)

line level    source

   1          #include "fw_usb.h"
   2          #include "fw_sys.h"
   3          
   4          #if (__CONF_MCU_TYPE == 3)
   5          uint8_t USB_ReadReg(uint8_t addr)
   6          {
   7   1        while (USB_IsBusy());
   8   1        USB_SetAddrForRead(addr);
   9   1      
  10   1        while (USB_IsBusy());
  11   1        return USBDAT;
  12   1      }
  13          
  14          void USB_WriteReg(uint8_t addr, uint8_t dat)
  15          {
  16   1        while (USB_IsBusy());
  17   1        USB_SetAddrForWrite(addr);
  18   1        USBDAT = dat;
  19   1      }
  20          
  21          uint8_t USB_ReadFIFO(uint8_t fifo, uint8_t *pdat)
  22          {
  23   1        uint8_t cnt, ret;
  24   1        ret = cnt = USB_ReadReg(COUNT0);
  25   1        while (cnt--)
  26   1        {
  27   2          *pdat++ = USB_ReadReg(fifo);
  28   2        }
  29   1        return ret;
  30   1      }
  31          
  32          void USB_WriteFIFO(uint8_t fifo, uint8_t *pdat, uint8_t cnt)
  33          {
  34   1        while (cnt--)
  35   1        {
  36   2          USB_WriteReg(fifo, *pdat++);
  37   2        }
  38   1      }
  39          #endif


MODULE INFORMATION:   STATIC OVERLAYABLE
   CODE SIZE        =    142    ----
   CONSTANT SIZE    =   ----    ----
   XDATA SIZE       =   ----       8
   PDATA SIZE       =   ----    ----
   DATA SIZE        =   ----    ----
   IDATA SIZE       =   ----    ----
   BIT SIZE         =   ----    ----
END OF MODULE INFORMATION.


C51 COMPILATION COMPLETE.  0 WARNING(S),  0 ERROR(S)
